This file contains any messages produced by compilers while
running configure, to aid debugging if configure makes a mistake.

It was created by libtheora configure 1.0, which was
generated by GNU Autoconf 2.60a.  Invocation command line was

  $ ./configure --prefix=

## --------- ##
## Platform. ##
## --------- ##

hostname = 791A
uname -m = i686
uname -r = 1.0.11(0.46/3/2)
uname -s = MINGW32_NT-5.1
uname -v = 2008-08-25 23:40

/usr/bin/uname -p = unknown
/bin/uname -X     = unknown

/bin/arch              = unknown
/usr/bin/arch -k       = unknown
/usr/convex/getsysinfo = unknown
/usr/bin/hostinfo      = unknown
/bin/machine           = unknown
/usr/bin/oslevel       = unknown
/bin/universe          = unknown

PATH: .
PATH: /usr/local/bin
PATH: /mingw/bin
PATH: /bin
PATH: /c/Perl/site/bin
PATH: /c/Perl/bin
PATH: /c/WINDOWS/system32
PATH: /c/WINDOWS
PATH: /c/WINDOWS/System32/Wbem
PATH: /c/Archivos de programa/Bazaar
PATH: /c/Archivos de programa/Microsoft SQL Server/90/Tools/binn/
PATH: /c/Archivos de programa/TortoiseSVN/bin
PATH: /mingw/bin
PATH: /mingw/bin
PATH: /c/Archivos de programa/QuickTime/QTSystem/
PATH: .
PATH: /c/gstreamer/bin
PATH: /c/gstreamerR/bin
PATH: /c/Archivos de programa/Archivos comunes/Nero/Lib/


## ----------- ##
## Core tests. ##
## ----------- ##

configure:1895: loading site script /etc/config.site
| lt_cv_cc_dll_switch=${lt_cv_cc_dll_switch=-mdll}
| lt_cv_compiler_c_o=${lt_cv_compiler_c_o=yes}
| lt_cv_compiler_o_lo=${lt_cv_compiler_o_lo=yes}
| lt_cv_deplibs_check_method=${lt_cv_deplibs_check_method='file_magic file format pei*-i386(.*architecture: i386)?'}
| lt_cv_file_magic_cmd=${lt_cv_file_magic_cmd='$OBJDUMP -f'}
| lt_cv_file_magic_test_file=${lt_cv_file_magic_test_file=}
| test "${lt_cv_global_symbol_to_c_name_address+set}" = set || lt_cv_global_symbol_to_c_name_address='sed -n -e '\''s/^: \([^ ]*\) $/  {\"\1\", (lt_ptr) 0},/p'\'' -e '\''s/^[BCDEGRST] \([^ ]*\) \([^ ]*\)$/  {"\2", (lt_ptr) \&\2},/p'\'''
| lt_cv_global_symbol_to_cdecl=${lt_cv_global_symbol_to_cdecl='sed -n -e '\''s/^. .* \(.*\)$/extern char \1;/p'\'''}
| lt_cv_ld_reload_flag=${lt_cv_ld_reload_flag=-r}
| lt_cv_need_dllmain=${lt_cv_need_dllmain=no}
| lt_cv_prog_cc_can_build_shared=${lt_cv_prog_cc_can_build_shared=yes}
| lt_cv_prog_cc_no_builtin=${lt_cv_prog_cc_no_builtin=}
| lt_cv_prog_cc_pic=${lt_cv_prog_cc_pic='   -DDLL_EXPORT'}
| lt_cv_prog_cc_pic_works=${lt_cv_prog_cc_pic_works=yes}
| lt_cv_prog_cc_shlib=${lt_cv_prog_cc_shlib=}
| lt_cv_prog_cc_static=${lt_cv_prog_cc_static=-static}
| lt_cv_prog_cc_static_works=${lt_cv_prog_cc_static_works=yes}
| lt_cv_prog_cc_wl=${lt_cv_prog_cc_wl=-Wl,}
| lt_cv_prog_gnu_ld=${lt_cv_prog_gnu_ld=yes}
| lt_cv_sys_global_symbol_pipe=${lt_cv_sys_global_symbol_pipe=}
| lt_cv_sys_path_separator=${lt_cv_sys_path_separator=:}
configure:2037: checking build system type
configure:2055: result: i686-pc-mingw32
configure:2077: checking host system type
configure:2092: result: i686-pc-mingw32
configure:2114: checking target system type
configure:2129: result: i686-pc-mingw32
configure:2175: checking for a BSD-compatible install
configure:2231: result: /bin/install -c
configure:2242: checking whether build environment is sane
configure:2285: result: yes
configure:2350: checking for gawk
configure:2366: found /bin/gawk
configure:2377: result: gawk
configure:2388: checking whether make sets $(MAKE)
configure:2409: result: yes
configure:2593: checking whether to enable maintainer-specific portions of Makefiles
configure:2602: result: no
configure:2692: checking for gcc
configure:2708: found /mingw/bin/gcc
configure:2719: result: gcc
configure:2957: checking for C compiler version
configure:2964: gcc --version >&5
gcc.exe (4.3.2-tdm-2 mingw32) 4.3.2
Copyright (C) 2008 Free Software Foundation, Inc.
This is free software; see the source for copying conditions.  There is NO
warranty; not even for MERCHANTABILITY or FITNESS FOR A PARTICULAR PURPOSE.

configure:2967: $? = 0
configure:2974: gcc -v >&5
Using built-in specs.
Target: mingw32
Configured with: ../gcc-4.3.2/configure --prefix=/mingw --build=mingw32 --enable-languages=c,ada,c++,fortran,objc,obj-c++ --with-bugurl=http://www.tdragon.net/recentgcc/bugs.php --disable-nls --disable-win32-registry --enable-libgomp --disable-werror --enable-threads --disable-symvers --enable-cxx-flags='-fno-function-sections -fno-data-sections' --enable-fully-dynamic-string --enable-version-specific-runtime-libs --enable-sjlj-exceptions --with-pkgversion='4.3.2-tdm-2 mingw32'
Thread model: win32
gcc version 4.3.2 (4.3.2-tdm-2 mingw32) 
configure:2977: $? = 0
configure:2984: gcc -V >&5
gcc.exe: '-V' option must have argument
configure:2987: $? = 1
configure:3010: checking for C compiler default output file name
configure:3037: gcc    conftest.c  >&5
configure:3040: $? = 0
configure:3078: result: a.exe
configure:3095: checking whether the C compiler works
configure:3105: ./a.exe
configure:3108: $? = 0
configure:3125: result: yes
configure:3132: checking whether we are cross compiling
configure:3134: result: no
configure:3137: checking for suffix of executables
configure:3144: gcc -o conftest.exe    conftest.c  >&5
configure:3147: $? = 0
configure:3171: result: .exe
configure:3177: checking for suffix of object files
configure:3203: gcc -c   conftest.c >&5
configure:3206: $? = 0
configure:3229: result: o
configure:3233: checking whether we are using the GNU C compiler
configure:3262: gcc -c   conftest.c >&5
configure:3268: $? = 0
configure:3275: test -z "$ac_c_werror_flag" || test ! -s conftest.err
configure:3278: $? = 0
configure:3285: test -s conftest.o
configure:3288: $? = 0
configure:3302: result: yes
configure:3307: checking whether gcc accepts -g
configure:3337: gcc -c -g  conftest.c >&5
configure:3343: $? = 0
configure:3350: test -z "$ac_c_werror_flag" || test ! -s conftest.err
configure:3353: $? = 0
configure:3360: test -s conftest.o
configure:3363: $? = 0
configure:3493: result: yes
configure:3510: checking for gcc option to accept ISO C89
configure:3584: gcc  -c -g -O2  conftest.c >&5
configure:3590: $? = 0
configure:3597: test -z "$ac_c_werror_flag" || test ! -s conftest.err
configure:3600: $? = 0
configure:3607: test -s conftest.o
configure:3610: $? = 0
configure:3630: result: none needed
configure:3659: checking for style of include used by make
configure:3687: result: GNU
configure:3715: checking dependency style of gcc
configure:3805: result: gcc3
configure:3827: checking how to run the C preprocessor
configure:3867: gcc -E  conftest.c
configure:3873: $? = 0
configure:3911: gcc -E  conftest.c
conftest.c:10:28: error: ac_nonexistent.h: No such file or directory
configure:3917: $? = 1
configure: failed program was:
| /* confdefs.h.  */
| #define PACKAGE_NAME "libtheora"
| #define PACKAGE_TARNAME "libtheora"
| #define PACKAGE_VERSION "1.0"
| #define PACKAGE_STRING "libtheora 1.0"
| #define PACKAGE_BUGREPORT ""
| #define PACKAGE "libtheora"
| #define VERSION "1.0"
| /* end confdefs.h.  */
| #include <ac_nonexistent.h>
configure:3957: result: gcc -E
configure:3986: gcc -E  conftest.c
configure:3992: $? = 0
configure:4030: gcc -E  conftest.c
conftest.c:10:28: error: ac_nonexistent.h: No such file or directory
configure:4036: $? = 1
configure: failed program was:
| /* confdefs.h.  */
| #define PACKAGE_NAME "libtheora"
| #define PACKAGE_TARNAME "libtheora"
| #define PACKAGE_VERSION "1.0"
| #define PACKAGE_STRING "libtheora 1.0"
| #define PACKAGE_BUGREPORT ""
| #define PACKAGE "libtheora"
| #define VERSION "1.0"
| /* end confdefs.h.  */
| #include <ac_nonexistent.h>
configure:4083: checking whether gcc and cc understand -c and -o together
configure:4118: gcc -c conftest.c -o conftest2.o >&5
configure:4121: $? = 0
configure:4127: gcc -c conftest.c -o conftest2.o >&5
configure:4130: $? = 0
configure:4141: cc -c conftest.c >&5
./configure: line 4142: cc: command not found
configure:4144: $? = 127
configure:4182: result: yes
configure:4281: checking for a sed that does not truncate output
configure:4335: result: /bin/sed
configure:4338: checking for grep that handles long lines and -e
configure:4412: result: /bin/grep
configure:4417: checking for egrep
configure:4495: result: /bin/grep -E
configure:4511: checking for ld used by gcc
configure:4578: result: c:/mingw/mingw32/bin/ld.exe
configure:4587: checking if the linker (c:/mingw/mingw32/bin/ld.exe) is GNU ld
configure:4602: result: yes
configure:4607: checking for c:/mingw/mingw32/bin/ld.exe option to reload object files
configure:4614: result: -r
configure:4632: checking for BSD-compatible nm
configure:4681: result: /mingw/bin/nm
configure:4685: checking whether ln -s works
configure:4689: result: yes
configure:4696: checking how to recognise dependent libraries
configure:4872: result: file_magic file format pei*-i386(.*architecture: i386)?
configure:5155: checking for dlltool
configure:5171: found /mingw/bin/dlltool
configure:5182: result: dlltool
configure:5251: checking for as
configure:5267: found /mingw/bin/as
configure:5278: result: as
configure:5347: checking for objdump
configure:5363: found /mingw/bin/objdump
configure:5374: result: objdump
configure:5408: checking for ANSI C header files
configure:5438: gcc -c   conftest.c >&5
configure:5444: $? = 0
configure:5451: test -z "$ac_c_werror_flag" || test ! -s conftest.err
configure:5454: $? = 0
configure:5461: test -s conftest.o
configure:5464: $? = 0
configure:5560: gcc -o conftest.exe    conftest.c  >&5
configure:5563: $? = 0
configure:5569: ./conftest.exe
configure:5572: $? = 0
configure:5589: result: yes
configure:5613: checking for sys/types.h
configure:5634: gcc -c   conftest.c >&5
configure:5640: $? = 0
configure:5647: test -z "$ac_c_werror_flag" || test ! -s conftest.err
configure:5650: $? = 0
configure:5657: test -s conftest.o
configure:5660: $? = 0
configure:5673: result: yes
configure:5613: checking for sys/stat.h
configure:5634: gcc -c   conftest.c >&5
configure:5640: $? = 0
configure:5647: test -z "$ac_c_werror_flag" || test ! -s conftest.err
configure:5650: $? = 0
configure:5657: test -s conftest.o
configure:5660: $? = 0
configure:5673: result: yes
configure:5613: checking for stdlib.h
configure:5634: gcc -c   conftest.c >&5
configure:5640: $? = 0
configure:5647: test -z "$ac_c_werror_flag" || test ! -s conftest.err
configure:5650: $? = 0
configure:5657: test -s conftest.o
configure:5660: $? = 0
configure:5673: result: yes
configure:5613: checking for string.h
configure:5634: gcc -c   conftest.c >&5
configure:5640: $? = 0
configure:5647: test -z "$ac_c_werror_flag" || test ! -s conftest.err
configure:5650: $? = 0
configure:5657: test -s conftest.o
configure:5660: $? = 0
configure:5673: result: yes
configure:5613: checking for memory.h
configure:5634: gcc -c   conftest.c >&5
configure:5640: $? = 0
configure:5647: test -z "$ac_c_werror_flag" || test ! -s conftest.err
configure:5650: $? = 0
configure:5657: test -s conftest.o
configure:5660: $? = 0
configure:5673: result: yes
configure:5613: checking for strings.h
configure:5634: gcc -c   conftest.c >&5
configure:5640: $? = 0
configure:5647: test -z "$ac_c_werror_flag" || test ! -s conftest.err
configure:5650: $? = 0
configure:5657: test -s conftest.o
configure:5660: $? = 0
configure:5673: result: yes
configure:5613: checking for inttypes.h
configure:5634: gcc -c   conftest.c >&5
configure:5640: $? = 0
configure:5647: test -z "$ac_c_werror_flag" || test ! -s conftest.err
configure:5650: $? = 0
configure:5657: test -s conftest.o
configure:5660: $? = 0
configure:5673: result: yes
configure:5613: checking for stdint.h
configure:5634: gcc -c   conftest.c >&5
configure:5640: $? = 0
configure:5647: test -z "$ac_c_werror_flag" || test ! -s conftest.err
configure:5650: $? = 0
configure:5657: test -s conftest.o
configure:5660: $? = 0
configure:5673: result: yes
configure:5613: checking for unistd.h
configure:5634: gcc -c   conftest.c >&5
configure:5640: $? = 0
configure:5647: test -z "$ac_c_werror_flag" || test ! -s conftest.err
configure:5650: $? = 0
configure:5657: test -s conftest.o
configure:5660: $? = 0
configure:5673: result: yes
configure:5700: checking dlfcn.h usability
configure:5717: gcc -c   conftest.c >&5
configure:5723: $? = 0
configure:5730: test -z "$ac_c_werror_flag" || test ! -s conftest.err
configure:5733: $? = 0
configure:5740: test -s conftest.o
configure:5743: $? = 0
configure:5754: result: yes
configure:5758: checking dlfcn.h presence
configure:5773: gcc -E  conftest.c
configure:5779: $? = 0
configure:5800: result: yes
configure:5828: checking for dlfcn.h
configure:5836: result: yes
configure:5907: checking for g++
configure:5923: found /mingw/bin/g++
configure:5934: result: g++
configure:5965: checking for C++ compiler version
configure:5972: g++ --version >&5
g++.exe (4.3.2-tdm-2 mingw32) 4.3.2
Copyright (C) 2008 Free Software Foundation, Inc.
This is free software; see the source for copying conditions.  There is NO
warranty; not even for MERCHANTABILITY or FITNESS FOR A PARTICULAR PURPOSE.

configure:5975: $? = 0
configure:5982: g++ -v >&5
Using built-in specs.
Target: mingw32
Configured with: ../gcc-4.3.2/configure --prefix=/mingw --build=mingw32 --enable-languages=c,ada,c++,fortran,objc,obj-c++ --with-bugurl=http://www.tdragon.net/recentgcc/bugs.php --disable-nls --disable-win32-registry --enable-libgomp --disable-werror --enable-threads --disable-symvers --enable-cxx-flags='-fno-function-sections -fno-data-sections' --enable-fully-dynamic-string --enable-version-specific-runtime-libs --enable-sjlj-exceptions --with-pkgversion='4.3.2-tdm-2 mingw32'
Thread model: win32
gcc version 4.3.2 (4.3.2-tdm-2 mingw32) 
configure:5985: $? = 0
configure:5992: g++ -V >&5
g++.exe: '-V' option must have argument
configure:5995: $? = 1
configure:5998: checking whether we are using the GNU C++ compiler
configure:6027: g++ -c   conftest.cpp >&5
configure:6033: $? = 0
configure:6040: test -z "$ac_cxx_werror_flag" || test ! -s conftest.err
configure:6043: $? = 0
configure:6050: test -s conftest.o
configure:6053: $? = 0
configure:6067: result: yes
configure:6072: checking whether g++ accepts -g
configure:6102: g++ -c -g  conftest.cpp >&5
configure:6108: $? = 0
configure:6115: test -z "$ac_cxx_werror_flag" || test ! -s conftest.err
configure:6118: $? = 0
configure:6125: test -s conftest.o
configure:6128: $? = 0
configure:6258: result: yes
configure:6283: checking dependency style of g++
configure:6373: result: gcc3
configure:6400: checking how to run the C++ preprocessor
configure:6436: g++ -E  conftest.cpp
configure:6442: $? = 0
configure:6480: g++ -E  conftest.cpp
conftest.cpp:21:28: error: ac_nonexistent.h: No such file or directory
configure:6486: $? = 1
configure: failed program was:
| /* confdefs.h.  */
| #define PACKAGE_NAME "libtheora"
| #define PACKAGE_TARNAME "libtheora"
| #define PACKAGE_VERSION "1.0"
| #define PACKAGE_STRING "libtheora 1.0"
| #define PACKAGE_BUGREPORT ""
| #define PACKAGE "libtheora"
| #define VERSION "1.0"
| #define STDC_HEADERS 1
| #define HAVE_SYS_TYPES_H 1
| #define HAVE_SYS_STAT_H 1
| #define HAVE_STDLIB_H 1
| #define HAVE_STRING_H 1
| #define HAVE_MEMORY_H 1
| #define HAVE_STRINGS_H 1
| #define HAVE_INTTYPES_H 1
| #define HAVE_STDINT_H 1
| #define HAVE_UNISTD_H 1
| #define HAVE_DLFCN_H 1
| /* end confdefs.h.  */
| #include <ac_nonexistent.h>
configure:6526: result: g++ -E
configure:6555: g++ -E  conftest.cpp
configure:6561: $? = 0
configure:6599: g++ -E  conftest.cpp
conftest.cpp:21:28: error: ac_nonexistent.h: No such file or directory
configure:6605: $? = 1
configure: failed program was:
| /* confdefs.h.  */
| #define PACKAGE_NAME "libtheora"
| #define PACKAGE_TARNAME "libtheora"
| #define PACKAGE_VERSION "1.0"
| #define PACKAGE_STRING "libtheora 1.0"
| #define PACKAGE_BUGREPORT ""
| #define PACKAGE "libtheora"
| #define VERSION "1.0"
| #define STDC_HEADERS 1
| #define HAVE_SYS_TYPES_H 1
| #define HAVE_SYS_STAT_H 1
| #define HAVE_STDLIB_H 1
| #define HAVE_STRING_H 1
| #define HAVE_MEMORY_H 1
| #define HAVE_STRINGS_H 1
| #define HAVE_INTTYPES_H 1
| #define HAVE_STDINT_H 1
| #define HAVE_UNISTD_H 1
| #define HAVE_DLFCN_H 1
| /* end confdefs.h.  */
| #include <ac_nonexistent.h>
configure:6705: checking for g77
configure:6735: result: no
configure:6705: checking for f77
configure:6735: result: no
configure:6705: checking for xlf
configure:6735: result: no
configure:6705: checking for frt
configure:6735: result: no
configure:6705: checking for pgf77
configure:6735: result: no
configure:6705: checking for cf77
configure:6735: result: no
configure:6705: checking for fort77
configure:6735: result: no
configure:6705: checking for fl32
configure:6735: result: no
configure:6705: checking for af77
configure:6735: result: no
configure:6705: checking for f90
configure:6735: result: no
configure:6705: checking for xlf90
configure:6735: result: no
configure:6705: checking for pgf90
configure:6735: result: no
configure:6705: checking for pghpf
configure:6735: result: no
configure:6705: checking for epcf90
configure:6735: result: no
configure:6705: checking for gfortran
configure:6735: result: no
configure:6705: checking for g95
configure:6735: result: no
configure:6705: checking for f95
configure:6735: result: no
configure:6705: checking for fort
configure:6735: result: no
configure:6705: checking for xlf95
configure:6735: result: no
configure:6705: checking for ifort
configure:6735: result: no
configure:6705: checking for ifc
configure:6735: result: no
configure:6705: checking for efc
configure:6735: result: no
configure:6705: checking for pgf95
configure:6735: result: no
configure:6705: checking for lf95
configure:6735: result: no
configure:6705: checking for ftn
configure:6735: result: no
configure:6762: checking for Fortran 77 compiler version
configure:6769:  --version >&5
./configure: line 6770: --version: command not found
configure:6772: $? = 127
configure:6779:  -v >&5
./configure: line 6780: -v: command not found
configure:6782: $? = 127
configure:6789:  -V >&5
./configure: line 6790: -V: command not found
configure:6792: $? = 127
configure:6800: checking whether we are using the GNU Fortran 77 compiler
configure:6819:  -c  conftest.F >&5
./configure: line 6820: -c: command not found
configure:6825: $? = 127
configure: failed program was:
|       program main
| #ifndef __GNUC__
|        choke me
| #endif
| 
|       end
configure:6859: result: no
configure:6865: checking whether  accepts -g
configure:6882:  -c -g conftest.f >&5
./configure: line 6883: -c: command not found
configure:6888: $? = 127
configure: failed program was:
|       program main
| 
|       end
configure:6921: result: no
configure:6951: checking the maximum length of command line arguments
configure:7060: result: 8192
configure:7071: checking command to parse /mingw/bin/nm output from gcc object
configure:7276: result: failed
configure:7283: checking for objdir
configure:7298: result: .libs
configure:7390: checking for ar
configure:7406: found /mingw/bin/ar
configure:7417: result: ar
configure:7486: checking for ranlib
configure:7502: found /mingw/bin/ranlib
configure:7513: result: ranlib
configure:7582: checking for strip
configure:7598: found /mingw/bin/strip
configure:7609: result: strip
configure:7895: checking if gcc supports -fno-rtti -fno-exceptions
configure:7913: gcc -c   -fno-rtti -fno-exceptions conftest.c >&5
cc1.exe: warning: command line option "-fno-rtti" is valid for C++/ObjC++ but not for C
configure:7917: $? = 0
configure:7930: result: no
configure:7945: checking for gcc option to produce PIC
configure:8155: result: -DDLL_EXPORT
configure:8163: checking if gcc PIC flag -DDLL_EXPORT works
configure:8181: gcc -c   -DDLL_EXPORT -DPIC conftest.c >&5
configure:8185: $? = 0
configure:8198: result: yes
configure:8226: checking if gcc static flag -static works
configure:8254: result: yes
configure:8264: checking if gcc supports -c -o file.o
configure:8285: gcc -c   -o out/conftest2.o conftest.c >&5
configure:8289: $? = 0
configure:8311: result: yes
configure:8337: checking whether the gcc linker (c:/mingw/mingw32/bin/ld.exe) supports shared libraries
configure:9324: result: yes
configure:9345: checking whether -lc should be explicitly linked in
configure:9350: gcc -c   conftest.c >&5
configure:9353: $? = 0
configure:9368: gcc -shared conftest.o  -v -o ./conftest -Wl,--enable-auto-image-base -Xlinker --out-implib -Xlinker conftest 2\>\&1 \| grep  -lc  \>/dev/null 2\>\&1
configure:9371: $? = 1
configure:9383: result: yes
configure:9391: checking dynamic linker characteristics
configure:9967: result: Win32 ld.exe
configure:9976: checking how to hardcode library paths into programs
configure:10001: result: immediate
configure:10015: checking whether stripping libraries is possible
configure:10020: result: yes
configure:10933: checking if libtool supports shared libraries
configure:10935: result: yes
configure:10938: checking whether to build shared libraries
configure:10959: result: yes
configure:10962: checking whether to build static libraries
configure:10966: result: yes
configure:11058: creating libtool
configure:11646: checking for ld used by g++
configure:11713: result: c:/mingw/mingw32/bin/ld.exe
configure:11722: checking if the linker (c:/mingw/mingw32/bin/ld.exe) is GNU ld
configure:11737: result: yes
configure:11788: checking whether the g++ linker (c:/mingw/mingw32/bin/ld.exe) supports shared libraries
configure:12754: result: yes
configure:12772: g++ -c -g -O2  conftest.cpp >&5
configure:12775: $? = 0
configure:12894: checking for g++ option to produce PIC
configure:13168: result: -DDLL_EXPORT
configure:13176: checking if g++ PIC flag -DDLL_EXPORT works
configure:13194: g++ -c -g -O2  -DDLL_EXPORT -DPIC conftest.cpp >&5
configure:13198: $? = 0
configure:13211: result: yes
configure:13239: checking if g++ static flag -static works
configure:13267: result: yes
configure:13277: checking if g++ supports -c -o file.o
configure:13298: g++ -c -g -O2  -o out/conftest2.o conftest.cpp >&5
configure:13302: $? = 0
configure:13324: result: yes
configure:13350: checking whether the g++ linker (c:/mingw/mingw32/bin/ld.exe) supports shared libraries
configure:13378: result: yes
configure:13445: checking dynamic linker characteristics
configure:14021: result: Win32 ld.exe
configure:14030: checking how to hardcode library paths into programs
configure:14055: result: immediate
configure:20243: checking for doxygen
configure:20271: result: false
configure:20290: WARNING: *** doxygen not found, API documentation will not be built
configure:20296: checking for pdflatex
configure:20326: result: no
configure:20333: checking for bibtex
configure:20363: result: no
configure:20370: checking for fig2dev
configure:20400: result: no
configure:20453: WARNING: *** Format Specification will not built.
configure:20555: checking if the compiler version supports named asm params
configure:20569: result: ok (4.3.2)
configure:20655: checking for ld used by gcc
configure:20722: result: c:/mingw/mingw32/bin/ld.exe
configure:20731: checking if the linker (c:/mingw/mingw32/bin/ld.exe) is GNU ld
configure:20746: result: yes
configure:20751: checking if the linker (c:/mingw/mingw32/bin/ld.exe) is GNU ld
configure:20766: result: yes
configure:20770: checking library symbol versioning support
configure:20784: result: no
configure:20819: checking for pkg-config
configure:20835: found /bin/pkg-config
configure:20846: result: yes
configure:20862: checking for pkg-config
configure:20880: found /bin/pkg-config
configure:20893: result: /bin/pkg-config
configure:20911: checking for ogg >= 1.1
configure:20915: result: yes
configure:20919: checking OGG_CFLAGS
configure:20922: result: -IC:/msys/1.0/include  
configure:20925: checking OGG_LIBS
configure:20928: result: -LC:/msys/1.0/lib -logg  
configure:21384: checking for vorbis >= 1.0.1
configure:21388: result: yes
configure:21392: checking VORBIS_CFLAGS
configure:21395: result: -IC:/msys/1.0/include  
configure:21398: checking VORBIS_LIBS
configure:21401: result: -LC:/msys/1.0/lib -lvorbis -lm -logg  
configure:21712: checking for sdl-config
configure:21743: result: no
configure:21752: checking for SDL - version >= 0.11.0
configure:21889: result: no
configure:21989: WARNING: *** Unable to find SDL -- Not compiling example players ***
configure:22016: checking sys/soundcard.h usability
configure:22033: gcc -c -Wall -Wno-parentheses -O3 -fforce-addr -fomit-frame-pointer -finline-functions -funroll-loops   conftest.c >&5
conftest.c:56:27: error: sys/soundcard.h: No such file or directory
configure:22039: $? = 1
configure: failed program was:
| /* confdefs.h.  */
| #define PACKAGE_NAME "libtheora"
| #define PACKAGE_TARNAME "libtheora"
| #define PACKAGE_VERSION "1.0"
| #define PACKAGE_STRING "libtheora 1.0"
| #define PACKAGE_BUGREPORT ""
| #define PACKAGE "libtheora"
| #define VERSION "1.0"
| #define STDC_HEADERS 1
| #define HAVE_SYS_TYPES_H 1
| #define HAVE_SYS_STAT_H 1
| #define HAVE_STDLIB_H 1
| #define HAVE_STRING_H 1
| #define HAVE_MEMORY_H 1
| #define HAVE_STRINGS_H 1
| #define HAVE_INTTYPES_H 1
| #define HAVE_STDINT_H 1
| #define HAVE_UNISTD_H 1
| #define HAVE_DLFCN_H 1
| #define USE_ASM
| #define OC_X86ASM
| /* end confdefs.h.  */
| #include <stdio.h>
| #ifdef HAVE_SYS_TYPES_H
| # include <sys/types.h>
| #endif
| #ifdef HAVE_SYS_STAT_H
| # include <sys/stat.h>
| #endif
| #ifdef STDC_HEADERS
| # include <stdlib.h>
| # include <stddef.h>
| #else
| # ifdef HAVE_STDLIB_H
| #  include <stdlib.h>
| # endif
| #endif
| #ifdef HAVE_STRING_H
| # if !defined STDC_HEADERS && defined HAVE_MEMORY_H
| #  include <memory.h>
| # endif
| # include <string.h>
| #endif
| #ifdef HAVE_STRINGS_H
| # include <strings.h>
| #endif
| #ifdef HAVE_INTTYPES_H
| # include <inttypes.h>
| #endif
| #ifdef HAVE_STDINT_H
| # include <stdint.h>
| #endif
| #ifdef HAVE_UNISTD_H
| # include <unistd.h>
| #endif
| #include <sys/soundcard.h>
configure:22070: result: no
configure:22074: checking sys/soundcard.h presence
configure:22089: gcc -E  conftest.c
conftest.c:23:27: error: sys/soundcard.h: No such file or directory
configure:22095: $? = 1
configure: failed program was:
| /* confdefs.h.  */
| #define PACKAGE_NAME "libtheora"
| #define PACKAGE_TARNAME "libtheora"
| #define PACKAGE_VERSION "1.0"
| #define PACKAGE_STRING "libtheora 1.0"
| #define PACKAGE_BUGREPORT ""
| #define PACKAGE "libtheora"
| #define VERSION "1.0"
| #define STDC_HEADERS 1
| #define HAVE_SYS_TYPES_H 1
| #define HAVE_SYS_STAT_H 1
| #define HAVE_STDLIB_H 1
| #define HAVE_STRING_H 1
| #define HAVE_MEMORY_H 1
| #define HAVE_STRINGS_H 1
| #define HAVE_INTTYPES_H 1
| #define HAVE_STDINT_H 1
| #define HAVE_UNISTD_H 1
| #define HAVE_DLFCN_H 1
| #define USE_ASM
| #define OC_X86ASM
| /* end confdefs.h.  */
| #include <sys/soundcard.h>
configure:22116: result: no
configure:22144: checking for sys/soundcard.h
configure:22152: result: no
configure:22016: checking soundcard.h usability
configure:22033: gcc -c -Wall -Wno-parentheses -O3 -fforce-addr -fomit-frame-pointer -finline-functions -funroll-loops   conftest.c >&5
conftest.c:56:23: error: soundcard.h: No such file or directory
configure:22039: $? = 1
configure: failed program was:
| /* confdefs.h.  */
| #define PACKAGE_NAME "libtheora"
| #define PACKAGE_TARNAME "libtheora"
| #define PACKAGE_VERSION "1.0"
| #define PACKAGE_STRING "libtheora 1.0"
| #define PACKAGE_BUGREPORT ""
| #define PACKAGE "libtheora"
| #define VERSION "1.0"
| #define STDC_HEADERS 1
| #define HAVE_SYS_TYPES_H 1
| #define HAVE_SYS_STAT_H 1
| #define HAVE_STDLIB_H 1
| #define HAVE_STRING_H 1
| #define HAVE_MEMORY_H 1
| #define HAVE_STRINGS_H 1
| #define HAVE_INTTYPES_H 1
| #define HAVE_STDINT_H 1
| #define HAVE_UNISTD_H 1
| #define HAVE_DLFCN_H 1
| #define USE_ASM
| #define OC_X86ASM
| /* end confdefs.h.  */
| #include <stdio.h>
| #ifdef HAVE_SYS_TYPES_H
| # include <sys/types.h>
| #endif
| #ifdef HAVE_SYS_STAT_H
| # include <sys/stat.h>
| #endif
| #ifdef STDC_HEADERS
| # include <stdlib.h>
| # include <stddef.h>
| #else
| # ifdef HAVE_STDLIB_H
| #  include <stdlib.h>
| # endif
| #endif
| #ifdef HAVE_STRING_H
| # if !defined STDC_HEADERS && defined HAVE_MEMORY_H
| #  include <memory.h>
| # endif
| # include <string.h>
| #endif
| #ifdef HAVE_STRINGS_H
| # include <strings.h>
| #endif
| #ifdef HAVE_INTTYPES_H
| # include <inttypes.h>
| #endif
| #ifdef HAVE_STDINT_H
| # include <stdint.h>
| #endif
| #ifdef HAVE_UNISTD_H
| # include <unistd.h>
| #endif
| #include <soundcard.h>
configure:22070: result: no
configure:22074: checking soundcard.h presence
configure:22089: gcc -E  conftest.c
conftest.c:23:23: error: soundcard.h: No such file or directory
configure:22095: $? = 1
configure: failed program was:
| /* confdefs.h.  */
| #define PACKAGE_NAME "libtheora"
| #define PACKAGE_TARNAME "libtheora"
| #define PACKAGE_VERSION "1.0"
| #define PACKAGE_STRING "libtheora 1.0"
| #define PACKAGE_BUGREPORT ""
| #define PACKAGE "libtheora"
| #define VERSION "1.0"
| #define STDC_HEADERS 1
| #define HAVE_SYS_TYPES_H 1
| #define HAVE_SYS_STAT_H 1
| #define HAVE_STDLIB_H 1
| #define HAVE_STRING_H 1
| #define HAVE_MEMORY_H 1
| #define HAVE_STRINGS_H 1
| #define HAVE_INTTYPES_H 1
| #define HAVE_STDINT_H 1
| #define HAVE_UNISTD_H 1
| #define HAVE_DLFCN_H 1
| #define USE_ASM
| #define OC_X86ASM
| /* end confdefs.h.  */
| #include <soundcard.h>
configure:22116: result: no
configure:22144: checking for soundcard.h
configure:22152: result: no
configure:22016: checking machine/soundcard.h usability
configure:22033: gcc -c -Wall -Wno-parentheses -O3 -fforce-addr -fomit-frame-pointer -finline-functions -funroll-loops   conftest.c >&5
conftest.c:56:31: error: machine/soundcard.h: No such file or directory
configure:22039: $? = 1
configure: failed program was:
| /* confdefs.h.  */
| #define PACKAGE_NAME "libtheora"
| #define PACKAGE_TARNAME "libtheora"
| #define PACKAGE_VERSION "1.0"
| #define PACKAGE_STRING "libtheora 1.0"
| #define PACKAGE_BUGREPORT ""
| #define PACKAGE "libtheora"
| #define VERSION "1.0"
| #define STDC_HEADERS 1
| #define HAVE_SYS_TYPES_H 1
| #define HAVE_SYS_STAT_H 1
| #define HAVE_STDLIB_H 1
| #define HAVE_STRING_H 1
| #define HAVE_MEMORY_H 1
| #define HAVE_STRINGS_H 1
| #define HAVE_INTTYPES_H 1
| #define HAVE_STDINT_H 1
| #define HAVE_UNISTD_H 1
| #define HAVE_DLFCN_H 1
| #define USE_ASM
| #define OC_X86ASM
| /* end confdefs.h.  */
| #include <stdio.h>
| #ifdef HAVE_SYS_TYPES_H
| # include <sys/types.h>
| #endif
| #ifdef HAVE_SYS_STAT_H
| # include <sys/stat.h>
| #endif
| #ifdef STDC_HEADERS
| # include <stdlib.h>
| # include <stddef.h>
| #else
| # ifdef HAVE_STDLIB_H
| #  include <stdlib.h>
| # endif
| #endif
| #ifdef HAVE_STRING_H
| # if !defined STDC_HEADERS && defined HAVE_MEMORY_H
| #  include <memory.h>
| # endif
| # include <string.h>
| #endif
| #ifdef HAVE_STRINGS_H
| # include <strings.h>
| #endif
| #ifdef HAVE_INTTYPES_H
| # include <inttypes.h>
| #endif
| #ifdef HAVE_STDINT_H
| # include <stdint.h>
| #endif
| #ifdef HAVE_UNISTD_H
| # include <unistd.h>
| #endif
| #include <machine/soundcard.h>
configure:22070: result: no
configure:22074: checking machine/soundcard.h presence
configure:22089: gcc -E  conftest.c
conftest.c:23:31: error: machine/soundcard.h: No such file or directory
configure:22095: $? = 1
configure: failed program was:
| /* confdefs.h.  */
| #define PACKAGE_NAME "libtheora"
| #define PACKAGE_TARNAME "libtheora"
| #define PACKAGE_VERSION "1.0"
| #define PACKAGE_STRING "libtheora 1.0"
| #define PACKAGE_BUGREPORT ""
| #define PACKAGE "libtheora"
| #define VERSION "1.0"
| #define STDC_HEADERS 1
| #define HAVE_SYS_TYPES_H 1
| #define HAVE_SYS_STAT_H 1
| #define HAVE_STDLIB_H 1
| #define HAVE_STRING_H 1
| #define HAVE_MEMORY_H 1
| #define HAVE_STRINGS_H 1
| #define HAVE_INTTYPES_H 1
| #define HAVE_STDINT_H 1
| #define HAVE_UNISTD_H 1
| #define HAVE_DLFCN_H 1
| #define USE_ASM
| #define OC_X86ASM
| /* end confdefs.h.  */
| #include <machine/soundcard.h>
configure:22116: result: no
configure:22144: checking for machine/soundcard.h
configure:22152: result: no
configure:22169: WARNING: OSS audio support not found -- not compiling player_example
configure:22231: checking for libpng
configure:22235: result: yes
configure:22239: checking PNG_CFLAGS
configure:22242: result: -IC:/msys/1.0/include/libpng12  
configure:22245: checking PNG_LIBS
configure:22248: result: -LC:/msys/1.0/lib -lpng12  
configure:22366: checking for getopt_long
configure:22422: gcc -o conftest.exe -Wall -Wno-parentheses -O3 -fforce-addr -fomit-frame-pointer -finline-functions -funroll-loops    conftest.c  >&5
configure:22428: $? = 0
configure:22435: test -z "$ac_c_werror_flag" || test ! -s conftest.err
configure:22438: $? = 0
configure:22445: test -s conftest.exe
configure:22448: $? = 0
configure:22461: result: yes
configure:22669: creating ./config.status

## ---------------------- ##
## Running config.status. ##
## ---------------------- ##

This file was extended by libtheora config.status 1.0, which was
generated by GNU Autoconf 2.60a.  Invocation command line was

  CONFIG_FILES    = 
  CONFIG_HEADERS  = 
  CONFIG_LINKS    = 
  CONFIG_COMMANDS = 
  $ ./config.status 

on 791A

config.status:724: creating Makefile
config.status:724: creating lib/Makefile
config.status:724: creating include/Makefile
config.status:724: creating include/theora/Makefile
config.status:724: creating examples/Makefile
config.status:724: creating doc/Makefile
config.status:724: creating doc/Doxyfile
config.status:724: creating doc/spec/Makefile
config.status:724: creating tests/Makefile
config.status:724: creating m4/Makefile
config.status:724: creating libtheora.spec
config.status:724: creating theora.pc
config.status:724: creating theora-uninstalled.pc
config.status:724: creating theoradec.pc
config.status:724: creating theoradec-uninstalled.pc
config.status:724: creating theoraenc.pc
config.status:724: creating theoraenc-uninstalled.pc
config.status:724: creating config.h
config.status:947: config.h is unchanged
config.status:993: executing depfiles commands
configure:24151: result:
------------------------------------------------------------------------
  libtheora 1.0:  Automatic configuration OK.

  General configuration:

    Encoding support: ........... yes
    Floating point support: ..... yes
    Assembly optimization: ...... 32 bit x86
    Build example code: ......... yes
    API Documentation: .......... no
    Format Documentation: ....... no

  Installation paths:

    libtheora: ................... /lib
    C header files: .............. /include/theora
    Documentation: ............... /share/doc/libtheora

  Building:

    Type 'make' to compile libtheora.

    Type 'make install' to install libtheora.

    Type 'make check' to run test suite (Valgrind testing not enabled)

  Example programs will be built but not installed.
------------------------------------------------------------------------


## ---------------- ##
## Cache variables. ##
## ---------------- ##

ac_cv_build=i686-pc-mingw32
ac_cv_c_compiler_gnu=yes
ac_cv_cxx_compiler_gnu=yes
ac_cv_env_CCC_set=
ac_cv_env_CCC_value=
ac_cv_env_CC_set=
ac_cv_env_CC_value=
ac_cv_env_CFLAGS_set=
ac_cv_env_CFLAGS_value=
ac_cv_env_CPPFLAGS_set=
ac_cv_env_CPPFLAGS_value=
ac_cv_env_CPP_set=
ac_cv_env_CPP_value=
ac_cv_env_CXXCPP_set=
ac_cv_env_CXXCPP_value=
ac_cv_env_CXXFLAGS_set=
ac_cv_env_CXXFLAGS_value=
ac_cv_env_CXX_set=
ac_cv_env_CXX_value=
ac_cv_env_F77_set=
ac_cv_env_F77_value=
ac_cv_env_FFLAGS_set=
ac_cv_env_FFLAGS_value=
ac_cv_env_LDFLAGS_set=
ac_cv_env_LDFLAGS_value=
ac_cv_env_build_alias_set=
ac_cv_env_build_alias_value=
ac_cv_env_host_alias_set=
ac_cv_env_host_alias_value=
ac_cv_env_target_alias_set=
ac_cv_env_target_alias_value=
ac_cv_exeext=.exe
ac_cv_f77_compiler_gnu=no
ac_cv_func_getopt_long=yes
ac_cv_header_dlfcn_h=yes
ac_cv_header_inttypes_h=yes
ac_cv_header_machine_soundcard_h=no
ac_cv_header_memory_h=yes
ac_cv_header_soundcard_h=no
ac_cv_header_stdc=yes
ac_cv_header_stdint_h=yes
ac_cv_header_stdlib_h=yes
ac_cv_header_string_h=yes
ac_cv_header_strings_h=yes
ac_cv_header_sys_soundcard_h=no
ac_cv_header_sys_stat_h=yes
ac_cv_header_sys_types_h=yes
ac_cv_header_unistd_h=yes
ac_cv_host=i686-pc-mingw32
ac_cv_objext=o
ac_cv_path_EGREP='/bin/grep -E'
ac_cv_path_GREP=/bin/grep
ac_cv_path_PKG_CONFIG=/bin/pkg-config
ac_cv_path_SDL_CONFIG=no
ac_cv_path_install='/bin/install -c'
ac_cv_prog_AWK=gawk
ac_cv_prog_CPP='gcc -E'
ac_cv_prog_CXXCPP='g++ -E'
ac_cv_prog_HAVE_DOXYGEN=false
ac_cv_prog_HAVE_PKG_CONFIG=yes
ac_cv_prog_ac_ct_AR=ar
ac_cv_prog_ac_ct_AS=as
ac_cv_prog_ac_ct_CC=gcc
ac_cv_prog_ac_ct_CXX=g++
ac_cv_prog_ac_ct_DLLTOOL=dlltool
ac_cv_prog_ac_ct_OBJDUMP=objdump
ac_cv_prog_ac_ct_RANLIB=ranlib
ac_cv_prog_ac_ct_STRIP=strip
ac_cv_prog_cc_c89=
ac_cv_prog_cc_g=yes
ac_cv_prog_cc_gcc_c_o=yes
ac_cv_prog_cxx_g=yes
ac_cv_prog_f77_g=no
ac_cv_prog_make_make_set=yes
ac_cv_target=i686-pc-mingw32
am_cv_CC_dependencies_compiler_type=gcc3
am_cv_CXX_dependencies_compiler_type=gcc3
lt_cv_cc_dll_switch=-mdll
lt_cv_compiler_c_o=yes
lt_cv_compiler_o_lo=yes
lt_cv_deplibs_check_method='file_magic file format pei*-i386(.*architecture: i386)?'
lt_cv_file_magic_cmd='$OBJDUMP -f'
lt_cv_file_magic_test_file=
lt_cv_global_symbol_to_c_name_address='sed -n -e '\''s/^: \([^ ]*\) $/  {\"\1\", (lt_ptr) 0},/p'\'' -e '\''s/^[BCDEGRST] \([^ ]*\) \([^ ]*\)$/  {"\2", (lt_ptr) \&\2},/p'\'''
lt_cv_global_symbol_to_cdecl='sed -n -e '\''s/^. .* \(.*\)$/extern char \1;/p'\'''
lt_cv_ld_reload_flag=-r
lt_cv_need_dllmain=no
lt_cv_objdir=.libs
lt_cv_path_LD=c:/mingw/mingw32/bin/ld.exe
lt_cv_path_LDCXX=c:/mingw/mingw32/bin/ld.exe
lt_cv_path_NM=/mingw/bin/nm
lt_cv_path_SED=/bin/sed
lt_cv_prog_cc_can_build_shared=yes
lt_cv_prog_cc_no_builtin=
lt_cv_prog_cc_pic='   -DDLL_EXPORT'
lt_cv_prog_cc_pic_works=yes
lt_cv_prog_cc_shlib=
lt_cv_prog_cc_static=-static
lt_cv_prog_cc_static_works=yes
lt_cv_prog_cc_wl=-Wl,
lt_cv_prog_compiler_c_o=yes
lt_cv_prog_compiler_c_o_CXX=yes
lt_cv_prog_compiler_rtti_exceptions=no
lt_cv_prog_gnu_ld=yes
lt_cv_prog_gnu_ldcxx=yes
lt_cv_sys_global_symbol_pipe=
lt_cv_sys_global_symbol_to_cdecl=
lt_cv_sys_max_cmd_len=8192
lt_cv_sys_path_separator=:
lt_lt_cv_prog_compiler_c_o='"yes"'
lt_lt_cv_prog_compiler_c_o_CXX='"yes"'
lt_lt_cv_sys_global_symbol_pipe='""'
lt_lt_cv_sys_global_symbol_to_c_name_address='""'
lt_lt_cv_sys_global_symbol_to_cdecl='""'

## ----------------- ##
## Output variables. ##
## ----------------- ##

ACLOCAL='${SHELL} /e/lm/libtheora-1.0/missing --run aclocal-1.9'
ACLOCAL_AMFLAGS='-I m4'
AMDEPBACKSLASH='\'
AMDEP_FALSE='#'
AMDEP_TRUE=''
AMTAR='${SHELL} /e/lm/libtheora-1.0/missing --run tar'
AR='ar'
AS='as'
AUTOCONF='${SHELL} /e/lm/libtheora-1.0/missing --run autoconf'
AUTOHEADER='${SHELL} /e/lm/libtheora-1.0/missing --run autoheader'
AUTOMAKE='${SHELL} /e/lm/libtheora-1.0/missing --run automake-1.9'
AWK='gawk'
BINDIR='/bin'
BUILDABLE_EXAMPLES=' encoder_example$(EXEEXT) png2theora'
BUILD_SPEC_FALSE=''
BUILD_SPEC_TRUE='#'
CC='gcc'
CCDEPMODE='depmode=gcc3'
CFLAGS='-Wall -Wno-parentheses -O3 -fforce-addr -fomit-frame-pointer -finline-functions -funroll-loops '
CPP='gcc -E'
CPPFLAGS=''
CPU_x86_32_FALSE='#'
CPU_x86_32_TRUE=''
CPU_x86_64_FALSE=''
CPU_x86_64_TRUE='#'
CXX='g++'
CXXCPP='g++ -E'
CXXDEPMODE='depmode=gcc3'
CXXFLAGS='-g -O2'
CYGPATH_W='echo'
DEBUG='-g -Wall -Wno-parentheses -DDEBUG -D__NO_MATH_INLINES'
DEFS='-DHAVE_CONFIG_H'
DEPDIR='.deps'
DLLTOOL='dlltool'
DOCDIR='/share/doc'
ECHO='echo'
ECHO_C=''
ECHO_N='-n'
ECHO_T=''
EGREP='/bin/grep -E'
EXEEXT='.exe'
F77=''
FFLAGS=''
GETOPT_OBJS=''
GREP='/bin/grep'
HAVE_BIBTEX=''
HAVE_DOXYGEN='false'
HAVE_DOXYGEN_FALSE=''
HAVE_DOXYGEN_TRUE='#'
HAVE_PDFLATEX=''
HAVE_PKG_CONFIG='yes'
HAVE_TRANSFIG=''
HAVE_VALGRIND=''
INCLUDEDIR='/include'
INSTALL_DATA='${INSTALL} -m 644'
INSTALL_PROGRAM='${INSTALL}'
INSTALL_SCRIPT='${INSTALL}'
INSTALL_STRIP_PROGRAM='${SHELL} $(install_sh) -c -s'
LDFLAGS=''
LIBDIR='/lib'
LIBOBJS=''
LIBS=''
LIBTOOL='$(SHELL) $(top_builddir)/libtool'
LN_S='ln -s'
LTLIBOBJS=''
MAINT='#'
MAINTAINER_MODE_FALSE=''
MAINTAINER_MODE_TRUE='#'
MAKEINFO='${SHELL} /e/lm/libtheora-1.0/missing --run makeinfo'
OBJDUMP='objdump'
OBJEXT='o'
OC_X86ASM_FALSE='#'
OC_X86ASM_TRUE=''
OGG_CFLAGS='-IC:/msys/1.0/include  '
OGG_LIBS='-LC:/msys/1.0/lib -logg  '
PACKAGE='libtheora'
PACKAGE_BUGREPORT=''
PACKAGE_NAME='libtheora'
PACKAGE_STRING='libtheora 1.0'
PACKAGE_TARNAME='libtheora'
PACKAGE_VERSION='1.0'
PATH_SEPARATOR=':'
PKG_CONFIG='/bin/pkg-config'
PNG_CFLAGS='-IC:/msys/1.0/include/libpng12  '
PNG_LIBS='-LC:/msys/1.0/lib -lpng12  '
PROFILE='-Wall -Wno-parentheses -pg -g -O3 -fno-inline-functions -DDEBUG'
RANLIB='ranlib'
SDL_CFLAGS=''
SDL_CONFIG='no'
SDL_LIBS=''
SET_MAKE=''
SHELL='/bin/sh'
STRIP='strip'
THDEC_LIB_AGE='0'
THDEC_LIB_CURRENT='1'
THDEC_LIB_REVISION='1'
THENC_LIB_AGE='0'
THENC_LIB_CURRENT='1'
THENC_LIB_REVISION='1'
THEORADEC_LDFLAGS=' -no-undefined -export-symbols $(top_srcdir)/win32/xmingw32/libtheoradec-all.def'
THEORAENC_LDFLAGS=' -no-undefined -export-symbols $(top_srcdir)/win32/xmingw32/libtheoraenc-all.def -ltheoradec'
THEORA_DISABLE_ENCODE_FALSE=''
THEORA_DISABLE_ENCODE_TRUE='#'
THEORA_DISABLE_FLOAT_FALSE=''
THEORA_DISABLE_FLOAT_TRUE='#'
THEORA_ENABLE_EXAMPLES_FALSE='#'
THEORA_ENABLE_EXAMPLES_TRUE=''
THEORA_LDFLAGS=' -no-undefined '
TH_LIB_AGE='3'
TH_LIB_CURRENT='3'
TH_LIB_REVISION='4'
VALGRIND_ENVIRONMENT=''
VERSION='1.0'
VORBISENC_LIBS='-lvorbisenc'
VORBISFILE_LIBS=''
VORBIS_CFLAGS='-IC:/msys/1.0/include  '
VORBIS_LIBS='-LC:/msys/1.0/lib -lvorbis -lm -logg  '
ac_ct_CC='gcc'
ac_ct_CXX='g++'
ac_ct_F77=''
am__fastdepCC_FALSE='#'
am__fastdepCC_TRUE=''
am__fastdepCXX_FALSE='#'
am__fastdepCXX_TRUE=''
am__include='include'
am__leading_dot='.'
am__quote=''
am__tar='${AMTAR} chof - "$$tardir"'
am__untar='${AMTAR} xf -'
bindir='${exec_prefix}/bin'
build='i686-pc-mingw32'
build_alias=''
build_cpu='i686'
build_os='mingw32'
build_vendor='pc'
datadir='${datarootdir}'
datarootdir='${prefix}/share'
docdir='${datarootdir}/doc/${PACKAGE_TARNAME}'
dvidir='${docdir}'
exec_prefix='${prefix}'
host='i686-pc-mingw32'
host_alias=''
host_cpu='i686'
host_os='mingw32'
host_vendor='pc'
htmldir='${docdir}'
includedir='${prefix}/include'
infodir='${datarootdir}/info'
install_sh='/e/lm/libtheora-1.0/install-sh'
libdir='${exec_prefix}/lib'
libexecdir='${exec_prefix}/libexec'
localedir='${datarootdir}/locale'
localstatedir='${prefix}/var'
mandir='${datarootdir}/man'
mkdir_p='mkdir -p --'
oldincludedir='/usr/include'
pdfdir='${docdir}'
prefix=''
program_transform_name='s,x,x,'
psdir='${docdir}'
sbindir='${exec_prefix}/sbin'
sharedstatedir='${prefix}/com'
sysconfdir='${prefix}/etc'
target='i686-pc-mingw32'
target_alias=''
target_cpu='i686'
target_os='mingw32'
target_vendor='pc'

## ----------- ##
## confdefs.h. ##
## ----------- ##

#define PACKAGE_NAME "libtheora"
#define PACKAGE_TARNAME "libtheora"
#define PACKAGE_VERSION "1.0"
#define PACKAGE_STRING "libtheora 1.0"
#define PACKAGE_BUGREPORT ""
#define PACKAGE "libtheora"
#define VERSION "1.0"
#define STDC_HEADERS 1
#define HAVE_SYS_TYPES_H 1
#define HAVE_SYS_STAT_H 1
#define HAVE_STDLIB_H 1
#define HAVE_STRING_H 1
#define HAVE_MEMORY_H 1
#define HAVE_STRINGS_H 1
#define HAVE_INTTYPES_H 1
#define HAVE_STDINT_H 1
#define HAVE_UNISTD_H 1
#define HAVE_DLFCN_H 1
#define USE_ASM
#define OC_X86ASM

configure: exit 0
