This file contains any messages produced by compilers while
running configure, to aid debugging if configure makes a mistake.

It was created by configure, which was
generated by GNU Autoconf 2.61.  Invocation command line was

  $ ./configure --prefix=

## --------- ##
## Platform. ##
## --------- ##

hostname = 791A
uname -m = i686
uname -r = 1.0.11(0.46/3/2)
uname -s = MINGW32_NT-5.1
uname -v = 2008-08-25 23:40

/usr/bin/uname -p = unknown
/bin/uname -X     = unknown

/bin/arch              = unknown
/usr/bin/arch -k       = unknown
/usr/convex/getsysinfo = unknown
/usr/bin/hostinfo      = unknown
/bin/machine           = unknown
/usr/bin/oslevel       = unknown
/bin/universe          = unknown

PATH: .
PATH: /usr/local/bin
PATH: /mingw/bin
PATH: /bin
PATH: /c/Perl/site/bin
PATH: /c/Perl/bin
PATH: /c/WINDOWS/system32
PATH: /c/WINDOWS
PATH: /c/WINDOWS/System32/Wbem
PATH: /c/Archivos de programa/Bazaar
PATH: /c/Archivos de programa/Microsoft SQL Server/90/Tools/binn/
PATH: /c/Archivos de programa/TortoiseSVN/bin
PATH: /mingw/bin
PATH: /mingw/bin
PATH: /c/Archivos de programa/QuickTime/QTSystem/
PATH: .
PATH: /c/gstreamer/bin
PATH: /c/gstreamerR/bin
PATH: /c/Archivos de programa/Archivos comunes/Nero/Lib/


## ----------- ##
## Core tests. ##
## ----------- ##

configure:1860: loading site script /etc/config.site
| lt_cv_cc_dll_switch=${lt_cv_cc_dll_switch=-mdll}
| lt_cv_compiler_c_o=${lt_cv_compiler_c_o=yes}
| lt_cv_compiler_o_lo=${lt_cv_compiler_o_lo=yes}
| lt_cv_deplibs_check_method=${lt_cv_deplibs_check_method='file_magic file format pei*-i386(.*architecture: i386)?'}
| lt_cv_file_magic_cmd=${lt_cv_file_magic_cmd='$OBJDUMP -f'}
| lt_cv_file_magic_test_file=${lt_cv_file_magic_test_file=}
| test "${lt_cv_global_symbol_to_c_name_address+set}" = set || lt_cv_global_symbol_to_c_name_address='sed -n -e '\''s/^: \([^ ]*\) $/  {\"\1\", (lt_ptr) 0},/p'\'' -e '\''s/^[BCDEGRST] \([^ ]*\) \([^ ]*\)$/  {"\2", (lt_ptr) \&\2},/p'\'''
| lt_cv_global_symbol_to_cdecl=${lt_cv_global_symbol_to_cdecl='sed -n -e '\''s/^. .* \(.*\)$/extern char \1;/p'\'''}
| lt_cv_ld_reload_flag=${lt_cv_ld_reload_flag=-r}
| lt_cv_need_dllmain=${lt_cv_need_dllmain=no}
| lt_cv_prog_cc_can_build_shared=${lt_cv_prog_cc_can_build_shared=yes}
| lt_cv_prog_cc_no_builtin=${lt_cv_prog_cc_no_builtin=}
| lt_cv_prog_cc_pic=${lt_cv_prog_cc_pic='   -DDLL_EXPORT'}
| lt_cv_prog_cc_pic_works=${lt_cv_prog_cc_pic_works=yes}
| lt_cv_prog_cc_shlib=${lt_cv_prog_cc_shlib=}
| lt_cv_prog_cc_static=${lt_cv_prog_cc_static=-static}
| lt_cv_prog_cc_static_works=${lt_cv_prog_cc_static_works=yes}
| lt_cv_prog_cc_wl=${lt_cv_prog_cc_wl=-Wl,}
| lt_cv_prog_gnu_ld=${lt_cv_prog_gnu_ld=yes}
| lt_cv_sys_global_symbol_pipe=${lt_cv_sys_global_symbol_pipe=}
| lt_cv_sys_path_separator=${lt_cv_sys_path_separator=:}
configure:1994: checking build system type
configure:2012: result: i686-pc-mingw32
configure:2034: checking host system type
configure:2049: result: i686-pc-mingw32
configure:2071: checking target system type
configure:2086: result: i686-pc-mingw32
configure:2133: checking for a BSD-compatible install
configure:2189: result: /bin/install -c
configure:2200: checking whether build environment is sane
configure:2243: result: yes
configure:2271: checking for a thread-safe mkdir -p
configure:2310: result: /bin/mkdir -p
configure:2323: checking for gawk
configure:2339: found /bin/gawk
configure:2350: result: gawk
configure:2361: checking whether make sets $(MAKE)
configure:2382: result: yes
configure:2570: checking whether to enable maintainer-specific portions of Makefiles
configure:2579: result: no
configure:2663: checking for gcc
configure:2679: found /mingw/bin/gcc
configure:2690: result: gcc
configure:2928: checking for C compiler version
configure:2935: gcc --version >&5
gcc.exe (4.3.2-tdm-2 mingw32) 4.3.2
Copyright (C) 2008 Free Software Foundation, Inc.
This is free software; see the source for copying conditions.  There is NO
warranty; not even for MERCHANTABILITY or FITNESS FOR A PARTICULAR PURPOSE.

configure:2938: $? = 0
configure:2945: gcc -v >&5
Using built-in specs.
Target: mingw32
Configured with: ../gcc-4.3.2/configure --prefix=/mingw --build=mingw32 --enable-languages=c,ada,c++,fortran,objc,obj-c++ --with-bugurl=http://www.tdragon.net/recentgcc/bugs.php --disable-nls --disable-win32-registry --enable-libgomp --disable-werror --enable-threads --disable-symvers --enable-cxx-flags='-fno-function-sections -fno-data-sections' --enable-fully-dynamic-string --enable-version-specific-runtime-libs --enable-sjlj-exceptions --with-pkgversion='4.3.2-tdm-2 mingw32'
Thread model: win32
gcc version 4.3.2 (4.3.2-tdm-2 mingw32) 
configure:2948: $? = 0
configure:2955: gcc -V >&5
gcc.exe: '-V' option must have argument
configure:2958: $? = 1
configure:2981: checking for C compiler default output file name
configure:3008: gcc    conftest.c  >&5
configure:3011: $? = 0
configure:3049: result: a.exe
configure:3066: checking whether the C compiler works
configure:3076: ./a.exe
configure:3079: $? = 0
configure:3096: result: yes
configure:3103: checking whether we are cross compiling
configure:3105: result: no
configure:3108: checking for suffix of executables
configure:3115: gcc -o conftest.exe    conftest.c  >&5
configure:3118: $? = 0
configure:3142: result: .exe
configure:3148: checking for suffix of object files
configure:3174: gcc -c   conftest.c >&5
configure:3177: $? = 0
configure:3200: result: o
configure:3204: checking whether we are using the GNU C compiler
configure:3233: gcc -c   conftest.c >&5
configure:3239: $? = 0
configure:3256: result: yes
configure:3261: checking whether gcc accepts -g
configure:3291: gcc -c -g  conftest.c >&5
configure:3297: $? = 0
configure:3396: result: yes
configure:3413: checking for gcc option to accept ISO C89
configure:3487: gcc  -c -g -O2  conftest.c >&5
configure:3493: $? = 0
configure:3516: result: none needed
configure:3545: checking for style of include used by make
configure:3573: result: GNU
configure:3598: checking dependency style of gcc
configure:3689: result: gcc3
configure:3709: checking how to run the C preprocessor
configure:3749: gcc -E  conftest.c
configure:3755: $? = 0
configure:3786: gcc -E  conftest.c
conftest.c:10:28: error: ac_nonexistent.h: No such file or directory
configure:3792: $? = 1
configure: failed program was:
| /* confdefs.h.  */
| #define PACKAGE_NAME ""
| #define PACKAGE_TARNAME ""
| #define PACKAGE_VERSION ""
| #define PACKAGE_STRING ""
| #define PACKAGE_BUGREPORT ""
| #define PACKAGE "libvorbis"
| #define VERSION "1.2.0"
| /* end confdefs.h.  */
| #include <ac_nonexistent.h>
configure:3825: result: gcc -E
configure:3854: gcc -E  conftest.c
configure:3860: $? = 0
configure:3891: gcc -E  conftest.c
conftest.c:10:28: error: ac_nonexistent.h: No such file or directory
configure:3897: $? = 1
configure: failed program was:
| /* confdefs.h.  */
| #define PACKAGE_NAME ""
| #define PACKAGE_TARNAME ""
| #define PACKAGE_VERSION ""
| #define PACKAGE_STRING ""
| #define PACKAGE_BUGREPORT ""
| #define PACKAGE "libvorbis"
| #define VERSION "1.2.0"
| /* end confdefs.h.  */
| #include <ac_nonexistent.h>
configure:4008: checking for a sed that does not truncate output
configure:4062: result: /bin/sed
configure:4065: checking for grep that handles long lines and -e
configure:4139: result: /bin/grep
configure:4144: checking for egrep
configure:4222: result: /bin/grep -E
configure:4238: checking for ld used by gcc
configure:4305: result: c:/mingw/mingw32/bin/ld.exe
configure:4314: checking if the linker (c:/mingw/mingw32/bin/ld.exe) is GNU ld
configure:4329: result: yes
configure:4334: checking for c:/mingw/mingw32/bin/ld.exe option to reload object files
configure:4341: result: -r
configure:4359: checking for BSD-compatible nm
configure:4408: result: /mingw/bin/nm
configure:4412: checking whether ln -s works
configure:4416: result: yes
configure:4423: checking how to recognise dependent libraries
configure:4599: result: file_magic file format pei*-i386(.*architecture: i386)?
configure:4829: checking for ANSI C header files
configure:4859: gcc -c   conftest.c >&5
configure:4865: $? = 0
configure:4964: gcc -o conftest.exe    conftest.c  >&5
configure:4967: $? = 0
configure:4973: ./conftest.exe
configure:4976: $? = 0
configure:4993: result: yes
configure:5017: checking for sys/types.h
configure:5038: gcc -c   conftest.c >&5
configure:5044: $? = 0
configure:5060: result: yes
configure:5017: checking for sys/stat.h
configure:5038: gcc -c   conftest.c >&5
configure:5044: $? = 0
configure:5060: result: yes
configure:5017: checking for stdlib.h
configure:5038: gcc -c   conftest.c >&5
configure:5044: $? = 0
configure:5060: result: yes
configure:5017: checking for string.h
configure:5038: gcc -c   conftest.c >&5
configure:5044: $? = 0
configure:5060: result: yes
configure:5017: checking for memory.h
configure:5038: gcc -c   conftest.c >&5
configure:5044: $? = 0
configure:5060: result: yes
configure:5017: checking for strings.h
configure:5038: gcc -c   conftest.c >&5
configure:5044: $? = 0
configure:5060: result: yes
configure:5017: checking for inttypes.h
configure:5038: gcc -c   conftest.c >&5
configure:5044: $? = 0
configure:5060: result: yes
configure:5017: checking for stdint.h
configure:5038: gcc -c   conftest.c >&5
configure:5044: $? = 0
configure:5060: result: yes
configure:5017: checking for unistd.h
configure:5038: gcc -c   conftest.c >&5
configure:5044: $? = 0
configure:5060: result: yes
configure:5087: checking dlfcn.h usability
configure:5104: gcc -c   conftest.c >&5
configure:5110: $? = 0
configure:5124: result: yes
configure:5128: checking dlfcn.h presence
configure:5143: gcc -E  conftest.c
configure:5149: $? = 0
configure:5163: result: yes
configure:5191: checking for dlfcn.h
configure:5199: result: yes
configure:5270: checking for g++
configure:5286: found /mingw/bin/g++
configure:5297: result: g++
configure:5328: checking for C++ compiler version
configure:5335: g++ --version >&5
g++.exe (4.3.2-tdm-2 mingw32) 4.3.2
Copyright (C) 2008 Free Software Foundation, Inc.
This is free software; see the source for copying conditions.  There is NO
warranty; not even for MERCHANTABILITY or FITNESS FOR A PARTICULAR PURPOSE.

configure:5338: $? = 0
configure:5345: g++ -v >&5
Using built-in specs.
Target: mingw32
Configured with: ../gcc-4.3.2/configure --prefix=/mingw --build=mingw32 --enable-languages=c,ada,c++,fortran,objc,obj-c++ --with-bugurl=http://www.tdragon.net/recentgcc/bugs.php --disable-nls --disable-win32-registry --enable-libgomp --disable-werror --enable-threads --disable-symvers --enable-cxx-flags='-fno-function-sections -fno-data-sections' --enable-fully-dynamic-string --enable-version-specific-runtime-libs --enable-sjlj-exceptions --with-pkgversion='4.3.2-tdm-2 mingw32'
Thread model: win32
gcc version 4.3.2 (4.3.2-tdm-2 mingw32) 
configure:5348: $? = 0
configure:5355: g++ -V >&5
g++.exe: '-V' option must have argument
configure:5358: $? = 1
configure:5361: checking whether we are using the GNU C++ compiler
configure:5390: g++ -c   conftest.cpp >&5
configure:5396: $? = 0
configure:5413: result: yes
configure:5418: checking whether g++ accepts -g
configure:5448: g++ -c -g  conftest.cpp >&5
configure:5454: $? = 0
configure:5553: result: yes
configure:5578: checking dependency style of g++
configure:5669: result: gcc3
configure:5694: checking how to run the C++ preprocessor
configure:5730: g++ -E  conftest.cpp
configure:5736: $? = 0
configure:5767: g++ -E  conftest.cpp
conftest.cpp:21:28: error: ac_nonexistent.h: No such file or directory
configure:5773: $? = 1
configure: failed program was:
| /* confdefs.h.  */
| #define PACKAGE_NAME ""
| #define PACKAGE_TARNAME ""
| #define PACKAGE_VERSION ""
| #define PACKAGE_STRING ""
| #define PACKAGE_BUGREPORT ""
| #define PACKAGE "libvorbis"
| #define VERSION "1.2.0"
| #define STDC_HEADERS 1
| #define HAVE_SYS_TYPES_H 1
| #define HAVE_SYS_STAT_H 1
| #define HAVE_STDLIB_H 1
| #define HAVE_STRING_H 1
| #define HAVE_MEMORY_H 1
| #define HAVE_STRINGS_H 1
| #define HAVE_INTTYPES_H 1
| #define HAVE_STDINT_H 1
| #define HAVE_UNISTD_H 1
| #define HAVE_DLFCN_H 1
| /* end confdefs.h.  */
| #include <ac_nonexistent.h>
configure:5806: result: g++ -E
configure:5835: g++ -E  conftest.cpp
configure:5841: $? = 0
configure:5872: g++ -E  conftest.cpp
conftest.cpp:21:28: error: ac_nonexistent.h: No such file or directory
configure:5878: $? = 1
configure: failed program was:
| /* confdefs.h.  */
| #define PACKAGE_NAME ""
| #define PACKAGE_TARNAME ""
| #define PACKAGE_VERSION ""
| #define PACKAGE_STRING ""
| #define PACKAGE_BUGREPORT ""
| #define PACKAGE "libvorbis"
| #define VERSION "1.2.0"
| #define STDC_HEADERS 1
| #define HAVE_SYS_TYPES_H 1
| #define HAVE_SYS_STAT_H 1
| #define HAVE_STDLIB_H 1
| #define HAVE_STRING_H 1
| #define HAVE_MEMORY_H 1
| #define HAVE_STRINGS_H 1
| #define HAVE_INTTYPES_H 1
| #define HAVE_STDINT_H 1
| #define HAVE_UNISTD_H 1
| #define HAVE_DLFCN_H 1
| /* end confdefs.h.  */
| #include <ac_nonexistent.h>
configure:5971: checking for g77
configure:6001: result: no
configure:5971: checking for xlf
configure:6001: result: no
configure:5971: checking for f77
configure:6001: result: no
configure:5971: checking for frt
configure:6001: result: no
configure:5971: checking for pgf77
configure:6001: result: no
configure:5971: checking for cf77
configure:6001: result: no
configure:5971: checking for fort77
configure:6001: result: no
configure:5971: checking for fl32
configure:6001: result: no
configure:5971: checking for af77
configure:6001: result: no
configure:5971: checking for xlf90
configure:6001: result: no
configure:5971: checking for f90
configure:6001: result: no
configure:5971: checking for pgf90
configure:6001: result: no
configure:5971: checking for pghpf
configure:6001: result: no
configure:5971: checking for epcf90
configure:6001: result: no
configure:5971: checking for gfortran
configure:6001: result: no
configure:5971: checking for g95
configure:6001: result: no
configure:5971: checking for xlf95
configure:6001: result: no
configure:5971: checking for f95
configure:6001: result: no
configure:5971: checking for fort
configure:6001: result: no
configure:5971: checking for ifort
configure:6001: result: no
configure:5971: checking for ifc
configure:6001: result: no
configure:5971: checking for efc
configure:6001: result: no
configure:5971: checking for pgf95
configure:6001: result: no
configure:5971: checking for lf95
configure:6001: result: no
configure:5971: checking for ftn
configure:6001: result: no
configure:6028: checking for Fortran 77 compiler version
configure:6035:  --version >&5
./configure: line 6036: --version: command not found
configure:6038: $? = 127
configure:6045:  -v >&5
./configure: line 6046: -v: command not found
configure:6048: $? = 127
configure:6055:  -V >&5
./configure: line 6056: -V: command not found
configure:6058: $? = 127
configure:6066: checking whether we are using the GNU Fortran 77 compiler
configure:6085:  -c  conftest.F >&5
./configure: line 6086: -c: command not found
configure:6091: $? = 127
configure: failed program was:
|       program main
| #ifndef __GNUC__
|        choke me
| #endif
| 
|       end
configure:6108: result: no
configure:6114: checking whether  accepts -g
configure:6131:  -c -g conftest.f >&5
./configure: line 6132: -c: command not found
configure:6137: $? = 127
configure: failed program was:
|       program main
| 
|       end
configure:6153: result: no
configure:6183: checking the maximum length of command line arguments
configure:6292: result: 8192
configure:6303: checking command to parse /mingw/bin/nm output from gcc object
configure:6508: result: failed
configure:6515: checking for objdir
configure:6530: result: .libs
configure:6622: checking for ar
configure:6638: found /mingw/bin/ar
configure:6649: result: ar
configure:6718: checking for ranlib
configure:6734: found /mingw/bin/ranlib
configure:6745: result: ranlib
configure:6814: checking for strip
configure:6830: found /mingw/bin/strip
configure:6841: result: strip
configure:7127: checking if gcc supports -fno-rtti -fno-exceptions
configure:7145: gcc -c   -fno-rtti -fno-exceptions conftest.c >&5
cc1.exe: warning: command line option "-fno-rtti" is valid for C++/ObjC++ but not for C
configure:7149: $? = 0
configure:7162: result: no
configure:7177: checking for gcc option to produce PIC
configure:7387: result: -DDLL_EXPORT
configure:7395: checking if gcc PIC flag -DDLL_EXPORT works
configure:7413: gcc -c   -DDLL_EXPORT -DPIC conftest.c >&5
configure:7417: $? = 0
configure:7430: result: yes
configure:7458: checking if gcc static flag -static works
configure:7486: result: yes
configure:7496: checking if gcc supports -c -o file.o
configure:7517: gcc -c   -o out/conftest2.o conftest.c >&5
configure:7521: $? = 0
configure:7543: result: yes
configure:7569: checking whether the gcc linker (c:/mingw/mingw32/bin/ld.exe) supports shared libraries
configure:8524: result: yes
configure:8545: checking whether -lc should be explicitly linked in
configure:8550: gcc -c   conftest.c >&5
configure:8553: $? = 0
configure:8568: gcc -shared conftest.o  -v -o ./conftest -Wl,--enable-auto-image-base -Xlinker --out-implib -Xlinker conftest 2\>\&1 \| grep  -lc  \>/dev/null 2\>\&1
configure:8571: $? = 1
configure:8583: result: yes
configure:8591: checking dynamic linker characteristics
configure:9167: result: Win32 ld.exe
configure:9176: checking how to hardcode library paths into programs
configure:9201: result: immediate
configure:9215: checking whether stripping libraries is possible
configure:9220: result: yes
configure:10021: checking if libtool supports shared libraries
configure:10023: result: yes
configure:10026: checking whether to build shared libraries
configure:10047: result: yes
configure:10050: checking whether to build static libraries
configure:10054: result: yes
configure:10146: creating libtool
configure:10734: checking for ld used by g++
configure:10801: result: c:/mingw/mingw32/bin/ld.exe
configure:10810: checking if the linker (c:/mingw/mingw32/bin/ld.exe) is GNU ld
configure:10825: result: yes
configure:10876: checking whether the g++ linker (c:/mingw/mingw32/bin/ld.exe) supports shared libraries
configure:11810: result: yes
configure:11828: g++ -c -g -O2  conftest.cpp >&5
configure:11831: $? = 0
configure:11950: checking for g++ option to produce PIC
configure:12224: result: -DDLL_EXPORT
configure:12232: checking if g++ PIC flag -DDLL_EXPORT works
configure:12250: g++ -c -g -O2  -DDLL_EXPORT -DPIC conftest.cpp >&5
configure:12254: $? = 0
configure:12267: result: yes
configure:12295: checking if g++ static flag -static works
configure:12323: result: yes
configure:12333: checking if g++ supports -c -o file.o
configure:12354: g++ -c -g -O2  -o out/conftest2.o conftest.cpp >&5
configure:12358: $? = 0
configure:12380: result: yes
configure:12406: checking whether the g++ linker (c:/mingw/mingw32/bin/ld.exe) supports shared libraries
configure:12434: result: yes
configure:12501: checking dynamic linker characteristics
configure:13077: result: Win32 ld.exe
configure:13086: checking how to hardcode library paths into programs
configure:13111: result: immediate
configure:19370: checking GCC version
configure:19373: result: 4.3.2
configure:19492: checking for memory.h
configure:19497: result: yes
configure:19627: checking for cos in -lm
configure:19662: gcc -o conftest.exe -O20 -D__NO_MATH_INLINES -fsigned-char  -DUSE_MEMORY_H   conftest.c -lm   >&5
conftest.c:28: warning: conflicting types for built-in function 'cos'
configure:19668: $? = 0
configure:19686: result: yes
configure:19694: checking for pthread_create in -lpthread
configure:19729: gcc -o conftest.exe -O20 -D__NO_MATH_INLINES -fsigned-char  -DUSE_MEMORY_H   conftest.c -lpthread   >&5
configure:19735: $? = 0
configure:19753: result: yes
configure:19765: checking for pkg-config
configure:19781: found /bin/pkg-config
configure:19792: result: yes
configure:19808: checking for pkg-config
configure:19826: found /bin/pkg-config
configure:19839: result: /bin/pkg-config
configure:19857: checking for ogg >= 1.0
configure:19861: result: yes
configure:19865: checking OGG_CFLAGS
configure:19868: result: -IC:/msys/1.0/include  
configure:19871: checking OGG_LIBS
configure:19874: result: -LC:/msys/1.0/lib -logg  
configure:20203: checking for working alloca.h
configure:20230: gcc -o conftest.exe -O20 -D__NO_MATH_INLINES -fsigned-char  -DUSE_MEMORY_H   conftest.c  >&5
conftest.c:21:20: error: alloca.h: No such file or directory
conftest.c: In function 'main':
conftest.c:25: warning: incompatible implicit declaration of built-in function 'alloca'
configure:20236: $? = 1
configure: failed program was:
| /* confdefs.h.  */
| #define PACKAGE_NAME ""
| #define PACKAGE_TARNAME ""
| #define PACKAGE_VERSION ""
| #define PACKAGE_STRING ""
| #define PACKAGE_BUGREPORT ""
| #define PACKAGE "libvorbis"
| #define VERSION "1.2.0"
| #define STDC_HEADERS 1
| #define HAVE_SYS_TYPES_H 1
| #define HAVE_SYS_STAT_H 1
| #define HAVE_STDLIB_H 1
| #define HAVE_STRING_H 1
| #define HAVE_MEMORY_H 1
| #define HAVE_STRINGS_H 1
| #define HAVE_INTTYPES_H 1
| #define HAVE_STDINT_H 1
| #define HAVE_UNISTD_H 1
| #define HAVE_DLFCN_H 1
| /* end confdefs.h.  */
| #include <alloca.h>
| int
| main ()
| {
| char *p = (char *) alloca (2 * sizeof (int));
| 			  if (p) return 0;
|   ;
|   return 0;
| }
configure:20253: result: no
configure:20263: checking for alloca
configure:20310: gcc -o conftest.exe -O20 -D__NO_MATH_INLINES -fsigned-char  -DUSE_MEMORY_H   conftest.c  >&5
configure:20316: $? = 0
configure:20333: result: yes
configure:20560: checking for working memcmp
configure:20613: gcc -o conftest.exe -O20 -D__NO_MATH_INLINES -fsigned-char  -DUSE_MEMORY_H   conftest.c  >&5
configure:20616: $? = 0
configure:20622: ./conftest.exe
configure:20625: $? = 0
configure:20641: result: yes
configure:20794: creating ./config.status

## ---------------------- ##
## Running config.status. ##
## ---------------------- ##

This file was extended by config.status, which was
generated by GNU Autoconf 2.61.  Invocation command line was

  CONFIG_FILES    = 
  CONFIG_HEADERS  = 
  CONFIG_LINKS    = 
  CONFIG_COMMANDS = 
  $ ./config.status 

on 791A

config.status:710: creating Makefile
config.status:710: creating lib/Makefile
config.status:710: creating lib/modes/Makefile
config.status:710: creating lib/books/Makefile
config.status:710: creating lib/books/coupled/Makefile
config.status:710: creating lib/books/uncoupled/Makefile
config.status:710: creating lib/books/floor/Makefile
config.status:710: creating doc/Makefile
config.status:710: creating doc/vorbisfile/Makefile
config.status:710: creating doc/vorbisenc/Makefile
config.status:710: creating include/Makefile
config.status:710: creating include/vorbis/Makefile
config.status:710: creating examples/Makefile
config.status:710: creating vq/Makefile
config.status:710: creating libvorbis.spec
config.status:710: creating vorbis.pc
config.status:710: creating vorbisenc.pc
config.status:710: creating vorbisfile.pc
config.status:710: creating vorbis-uninstalled.pc
config.status:710: creating vorbisenc-uninstalled.pc
config.status:710: creating vorbisfile-uninstalled.pc
config.status:710: creating config.h
config.status:938: config.h is unchanged
config.status:984: executing depfiles commands

## ---------------- ##
## Cache variables. ##
## ---------------- ##

ac_cv_build=i686-pc-mingw32
ac_cv_c_compiler_gnu=yes
ac_cv_cxx_compiler_gnu=yes
ac_cv_env_CCC_set=
ac_cv_env_CCC_value=
ac_cv_env_CC_set=
ac_cv_env_CC_value=
ac_cv_env_CFLAGS_set=
ac_cv_env_CFLAGS_value=
ac_cv_env_CPPFLAGS_set=
ac_cv_env_CPPFLAGS_value=
ac_cv_env_CPP_set=
ac_cv_env_CPP_value=
ac_cv_env_CXXCPP_set=
ac_cv_env_CXXCPP_value=
ac_cv_env_CXXFLAGS_set=
ac_cv_env_CXXFLAGS_value=
ac_cv_env_CXX_set=
ac_cv_env_CXX_value=
ac_cv_env_F77_set=
ac_cv_env_F77_value=
ac_cv_env_FFLAGS_set=
ac_cv_env_FFLAGS_value=
ac_cv_env_LDFLAGS_set=
ac_cv_env_LDFLAGS_value=
ac_cv_env_LIBS_set=
ac_cv_env_LIBS_value=
ac_cv_env_build_alias_set=
ac_cv_env_build_alias_value=
ac_cv_env_host_alias_set=
ac_cv_env_host_alias_value=
ac_cv_env_target_alias_set=
ac_cv_env_target_alias_value=
ac_cv_exeext=.exe
ac_cv_f77_compiler_gnu=no
ac_cv_func_alloca_works=yes
ac_cv_func_memcmp_working=yes
ac_cv_header_dlfcn_h=yes
ac_cv_header_inttypes_h=yes
ac_cv_header_memory_h=yes
ac_cv_header_stdc=yes
ac_cv_header_stdint_h=yes
ac_cv_header_stdlib_h=yes
ac_cv_header_string_h=yes
ac_cv_header_strings_h=yes
ac_cv_header_sys_stat_h=yes
ac_cv_header_sys_types_h=yes
ac_cv_header_unistd_h=yes
ac_cv_host=i686-pc-mingw32
ac_cv_lib_m_cos=yes
ac_cv_lib_pthread_pthread_create=yes
ac_cv_objext=o
ac_cv_path_EGREP='/bin/grep -E'
ac_cv_path_GREP=/bin/grep
ac_cv_path_PKG_CONFIG=/bin/pkg-config
ac_cv_path_install='/bin/install -c'
ac_cv_path_mkdir=/bin/mkdir
ac_cv_prog_AWK=gawk
ac_cv_prog_CPP='gcc -E'
ac_cv_prog_CXXCPP='g++ -E'
ac_cv_prog_HAVE_PKG_CONFIG=yes
ac_cv_prog_ac_ct_AR=ar
ac_cv_prog_ac_ct_CC=gcc
ac_cv_prog_ac_ct_CXX=g++
ac_cv_prog_ac_ct_RANLIB=ranlib
ac_cv_prog_ac_ct_STRIP=strip
ac_cv_prog_cc_c89=
ac_cv_prog_cc_g=yes
ac_cv_prog_cxx_g=yes
ac_cv_prog_f77_g=no
ac_cv_prog_make_make_set=yes
ac_cv_target=i686-pc-mingw32
ac_cv_working_alloca_h=no
am_cv_CC_dependencies_compiler_type=gcc3
am_cv_CXX_dependencies_compiler_type=gcc3
lt_cv_cc_dll_switch=-mdll
lt_cv_compiler_c_o=yes
lt_cv_compiler_o_lo=yes
lt_cv_deplibs_check_method='file_magic file format pei*-i386(.*architecture: i386)?'
lt_cv_file_magic_cmd='$OBJDUMP -f'
lt_cv_file_magic_test_file=
lt_cv_global_symbol_to_c_name_address='sed -n -e '\''s/^: \([^ ]*\) $/  {\"\1\", (lt_ptr) 0},/p'\'' -e '\''s/^[BCDEGRST] \([^ ]*\) \([^ ]*\)$/  {"\2", (lt_ptr) \&\2},/p'\'''
lt_cv_global_symbol_to_cdecl='sed -n -e '\''s/^. .* \(.*\)$/extern char \1;/p'\'''
lt_cv_ld_reload_flag=-r
lt_cv_need_dllmain=no
lt_cv_objdir=.libs
lt_cv_path_LD=c:/mingw/mingw32/bin/ld.exe
lt_cv_path_LDCXX=c:/mingw/mingw32/bin/ld.exe
lt_cv_path_NM=/mingw/bin/nm
lt_cv_path_SED=/bin/sed
lt_cv_prog_cc_can_build_shared=yes
lt_cv_prog_cc_no_builtin=
lt_cv_prog_cc_pic='   -DDLL_EXPORT'
lt_cv_prog_cc_pic_works=yes
lt_cv_prog_cc_shlib=
lt_cv_prog_cc_static=-static
lt_cv_prog_cc_static_works=yes
lt_cv_prog_cc_wl=-Wl,
lt_cv_prog_compiler_c_o=yes
lt_cv_prog_compiler_c_o_CXX=yes
lt_cv_prog_compiler_rtti_exceptions=no
lt_cv_prog_gnu_ld=yes
lt_cv_prog_gnu_ldcxx=yes
lt_cv_sys_global_symbol_pipe=
lt_cv_sys_global_symbol_to_cdecl=
lt_cv_sys_max_cmd_len=8192
lt_cv_sys_path_separator=:
lt_lt_cv_prog_compiler_c_o='"yes"'
lt_lt_cv_prog_compiler_c_o_CXX='"yes"'
lt_lt_cv_sys_global_symbol_pipe='""'
lt_lt_cv_sys_global_symbol_to_c_name_address='""'
lt_lt_cv_sys_global_symbol_to_cdecl='""'

## ----------------- ##
## Output variables. ##
## ----------------- ##

ACLOCAL='${SHELL} /e/lm/libvorbis-1.2.0/missing --run aclocal-1.10'
ALLOCA=''
AMDEPBACKSLASH='\'
AMDEP_FALSE='#'
AMDEP_TRUE=''
AMTAR='${SHELL} /e/lm/libvorbis-1.2.0/missing --run tar'
AR='ar'
AUTOCONF='${SHELL} /e/lm/libvorbis-1.2.0/missing --run autoconf'
AUTOHEADER='${SHELL} /e/lm/libvorbis-1.2.0/missing --run autoheader'
AUTOMAKE='${SHELL} /e/lm/libvorbis-1.2.0/missing --run automake-1.10'
AWK='gawk'
BUILD_DOCS_FALSE=''
BUILD_DOCS_TRUE='#'
CC='gcc'
CCDEPMODE='depmode=gcc3'
CFLAGS='-O20 -D__NO_MATH_INLINES -fsigned-char  -DUSE_MEMORY_H'
CPP='gcc -E'
CPPFLAGS=''
CXX='g++'
CXXCPP='g++ -E'
CXXDEPMODE='depmode=gcc3'
CXXFLAGS='-g -O2'
CYGPATH_W='echo'
DEBUG='-g -Wall -W -D__NO_MATH_INLINES -fsigned-char'
DEFS='-DHAVE_CONFIG_H'
DEPDIR='.deps'
ECHO='echo'
ECHO_C=''
ECHO_N='-n'
ECHO_T=''
EGREP='/bin/grep -E'
EXEEXT='.exe'
F77=''
FFLAGS=''
GREP='/bin/grep'
HAVE_PKG_CONFIG='yes'
INSTALL_DATA='${INSTALL} -m 644'
INSTALL_PROGRAM='${INSTALL}'
INSTALL_SCRIPT='${INSTALL}'
INSTALL_STRIP_PROGRAM='$(install_sh) -c -s'
LDFLAGS=''
LIBOBJS=''
LIBS=''
LIBTOOL='$(SHELL) $(top_builddir)/libtool'
LN_S='ln -s'
LTLIBOBJS=''
MAINT='#'
MAINTAINER_MODE_FALSE=''
MAINTAINER_MODE_TRUE='#'
MAKEINFO='${SHELL} /e/lm/libvorbis-1.2.0/missing --run makeinfo'
OBJEXT='o'
OGG_CFLAGS='-IC:/msys/1.0/include  '
OGG_LIBS='-LC:/msys/1.0/lib -logg  '
PACKAGE='libvorbis'
PACKAGE_BUGREPORT=''
PACKAGE_NAME=''
PACKAGE_STRING=''
PACKAGE_TARNAME=''
PACKAGE_VERSION=''
PATH_SEPARATOR=':'
PDFXMLTEX=''
PKG_CONFIG='/bin/pkg-config'
PROFILE='-O20 -g -pg -D__NO_MATH_INLINES -fsigned-char'
RANLIB='ranlib'
SET_MAKE=''
SHELL='/bin/sh'
STRIP='strip'
VERSION='1.2.0'
VE_LIB_AGE='0'
VE_LIB_CURRENT='2'
VE_LIB_REVISION='3'
VF_LIB_AGE='2'
VF_LIB_CURRENT='5'
VF_LIB_REVISION='0'
VORBIS_LIBS='-lm'
V_LIB_AGE='4'
V_LIB_CURRENT='4'
V_LIB_REVISION='0'
XSLTPROC=''
ac_ct_CC='gcc'
ac_ct_CXX='g++'
ac_ct_F77=''
am__fastdepCC_FALSE='#'
am__fastdepCC_TRUE=''
am__fastdepCXX_FALSE='#'
am__fastdepCXX_TRUE=''
am__include='include'
am__isrc=''
am__leading_dot='.'
am__quote=''
am__tar='${AMTAR} chof - "$$tardir"'
am__untar='${AMTAR} xf -'
bindir='${exec_prefix}/bin'
build='i686-pc-mingw32'
build_alias=''
build_cpu='i686'
build_os='mingw32'
build_vendor='pc'
datadir='${datarootdir}'
datarootdir='${prefix}/share'
docdir='${datarootdir}/doc/${PACKAGE}'
dvidir='${docdir}'
exec_prefix='${prefix}'
host='i686-pc-mingw32'
host_alias=''
host_cpu='i686'
host_os='mingw32'
host_vendor='pc'
htmldir='${docdir}'
includedir='${prefix}/include'
infodir='${datarootdir}/info'
install_sh='$(SHELL) /e/lm/libvorbis-1.2.0/install-sh'
libdir='${exec_prefix}/lib'
libexecdir='${exec_prefix}/libexec'
localedir='${datarootdir}/locale'
localstatedir='${prefix}/var'
mandir='${datarootdir}/man'
mkdir_p='/bin/mkdir -p'
oldincludedir='/usr/include'
pdfdir='${docdir}'
prefix=''
program_transform_name='s,x,x,'
psdir='${docdir}'
pthread_lib='-lpthread'
sbindir='${exec_prefix}/sbin'
sharedstatedir='${prefix}/com'
sysconfdir='${prefix}/etc'
target='i686-pc-mingw32'
target_alias=''
target_cpu='i686'
target_os='mingw32'
target_vendor='pc'

## ----------- ##
## confdefs.h. ##
## ----------- ##

#define PACKAGE_NAME ""
#define PACKAGE_TARNAME ""
#define PACKAGE_VERSION ""
#define PACKAGE_STRING ""
#define PACKAGE_BUGREPORT ""
#define PACKAGE "libvorbis"
#define VERSION "1.2.0"
#define STDC_HEADERS 1
#define HAVE_SYS_TYPES_H 1
#define HAVE_SYS_STAT_H 1
#define HAVE_STDLIB_H 1
#define HAVE_STRING_H 1
#define HAVE_MEMORY_H 1
#define HAVE_STRINGS_H 1
#define HAVE_INTTYPES_H 1
#define HAVE_STDINT_H 1
#define HAVE_UNISTD_H 1
#define HAVE_DLFCN_H 1
#define HAVE_ALLOCA 1

configure: exit 0
